<?xml version="1.0" encoding="UTF-8"?>
<!-- Generated by org.testng.reporters.JUnitXMLReporter -->
<testsuite hostname="DESKTOP-MD85P52" ignored="0" name="Surefire test" tests="3" failures="1" timestamp="23 十月 2020 08:43:38 GMT" time="0.045" errors="0">
  <testcase name="searchBaidu2" time="0.005" classname="testgit.com.TestngTest">
    <failure type="java.lang.AssertionError" message="你说吧，我断言失败了">
      <![CDATA[java.lang.AssertionError: 你说吧，我断言失败了
at testgit.com.TestngTest.searchBaidu2(TestngTest.java:39)
... Removed 31 stack frames]]>
    </failure>
  </testcase> <!-- searchBaidu2 -->
  <testcase name="searchBaidu3" time="0.0" classname="testgit.com.TestngTest"/>
  <testcase name="searchBaidu4" time="0.0" classname="testgit.com.TestngTest"/>
</testsuite> <!-- Surefire test -->
